;  LST file generated by mikroListExporter - v.2.0 
; Date/Time: 06/06/2023 17:31:57
;----------------------------------------------

;Address Opcode 	ASM
0x0000	0x29D3      	GOTO       467
_Delay_1us:
;__Lib_Delays.c,7 :: 		void Delay_1us() {
;__Lib_Delays.c,8 :: 		Delay_us(1);
0x0003	0x0000      	NOP
0x0004	0x0000      	NOP
;__Lib_Delays.c,9 :: 		}
L_end_Delay_1us:
0x0005	0x0008      	RETURN
; end of _Delay_1us
_Delay_5500us:
;__Lib_Delays.c,31 :: 		void Delay_5500us() {
;__Lib_Delays.c,32 :: 		Delay_us(5500);
0x0006	0x300F      	MOVLW      15
0x0007	0x1283      	BCF        STATUS, 5
0x0008	0x1303      	BCF        STATUS, 6
0x0009	0x00FC      	MOVWF      R12
0x000A	0x3047      	MOVLW      71
0x000B	0x00FD      	MOVWF      R13
L_Delay_5500us5:
0x000C	0x0BFD      	DECFSZ     R13, 1
0x000D	0x280C      	GOTO       L_Delay_5500us5
0x000E	0x0BFC      	DECFSZ     R12, 1
0x000F	0x280C      	GOTO       L_Delay_5500us5
0x0010	0x0000      	NOP
0x0011	0x0000      	NOP
;__Lib_Delays.c,33 :: 		}
L_end_Delay_5500us:
0x0012	0x0008      	RETURN
; end of _Delay_5500us
_Delay_50us:
;__Lib_Delays.c,19 :: 		void Delay_50us() {
;__Lib_Delays.c,20 :: 		Delay_us(50);
0x0013	0x3021      	MOVLW      33
0x0014	0x1283      	BCF        STATUS, 5
0x0015	0x1303      	BCF        STATUS, 6
0x0016	0x00FD      	MOVWF      R13
L_Delay_50us2:
0x0017	0x0BFD      	DECFSZ     R13, 1
0x0018	0x2817      	GOTO       L_Delay_50us2
;__Lib_Delays.c,21 :: 		}
L_end_Delay_50us:
0x0019	0x0008      	RETURN
; end of _Delay_50us
_Lcd_Cmd:
;__Lib_Lcd.c,18 :: 		
;__Lib_Lcd.c,20 :: 		
0x001A	0x1683      	BSF        STATUS, 5
0x001B	0x1303      	BCF        STATUS, 6
0x001C	0x1BAE      	BTFSC      FARG_Lcd_Cmd_out_char, 7
0x001D	0x2821      	GOTO       L__Lcd_Cmd21
0x001E	0x1283      	BCF        STATUS, 5
0x001F	0x1188      	BCF        LCD_D7, BitPos(LCD_D7+0)
0x0020	0x2823      	GOTO       L__Lcd_Cmd22
L__Lcd_Cmd21:
0x0021	0x1283      	BCF        STATUS, 5
0x0022	0x1588      	BSF        LCD_D7, BitPos(LCD_D7+0)
L__Lcd_Cmd22:
;__Lib_Lcd.c,21 :: 		
0x0023	0x1683      	BSF        STATUS, 5
0x0024	0x1B2E      	BTFSC      FARG_Lcd_Cmd_out_char, 6
0x0025	0x2829      	GOTO       L__Lcd_Cmd23
0x0026	0x1283      	BCF        STATUS, 5
0x0027	0x1108      	BCF        LCD_D6, BitPos(LCD_D6+0)
0x0028	0x282B      	GOTO       L__Lcd_Cmd24
L__Lcd_Cmd23:
0x0029	0x1283      	BCF        STATUS, 5
0x002A	0x1508      	BSF        LCD_D6, BitPos(LCD_D6+0)
L__Lcd_Cmd24:
;__Lib_Lcd.c,22 :: 		
0x002B	0x1683      	BSF        STATUS, 5
0x002C	0x1AAE      	BTFSC      FARG_Lcd_Cmd_out_char, 5
0x002D	0x2831      	GOTO       L__Lcd_Cmd25
0x002E	0x1283      	BCF        STATUS, 5
0x002F	0x1088      	BCF        LCD_D5, BitPos(LCD_D5+0)
0x0030	0x2833      	GOTO       L__Lcd_Cmd26
L__Lcd_Cmd25:
0x0031	0x1283      	BCF        STATUS, 5
0x0032	0x1488      	BSF        LCD_D5, BitPos(LCD_D5+0)
L__Lcd_Cmd26:
;__Lib_Lcd.c,23 :: 		
0x0033	0x1683      	BSF        STATUS, 5
0x0034	0x1A2E      	BTFSC      FARG_Lcd_Cmd_out_char, 4
0x0035	0x2839      	GOTO       L__Lcd_Cmd27
0x0036	0x1283      	BCF        STATUS, 5
0x0037	0x1008      	BCF        LCD_D4, BitPos(LCD_D4+0)
0x0038	0x283B      	GOTO       L__Lcd_Cmd28
L__Lcd_Cmd27:
0x0039	0x1283      	BCF        STATUS, 5
0x003A	0x1408      	BSF        LCD_D4, BitPos(LCD_D4+0)
L__Lcd_Cmd28:
;__Lib_Lcd.c,25 :: 		
0x003B	0x1683      	BSF        STATUS, 5
0x003C	0x1824      	BTFSC      __Lib_Lcd_cmd_status, BitPos(__Lib_Lcd_cmd_status+0)
0x003D	0x2841      	GOTO       L__Lcd_Cmd29
0x003E	0x1283      	BCF        STATUS, 5
0x003F	0x1608      	BSF        LCD_RS, BitPos(LCD_RS+0)
0x0040	0x2843      	GOTO       L__Lcd_Cmd30
L__Lcd_Cmd29:
0x0041	0x1283      	BCF        STATUS, 5
0x0042	0x1208      	BCF        LCD_RS, BitPos(LCD_RS+0)
L__Lcd_Cmd30:
;__Lib_Lcd.c,28 :: 		
0x0043	0x1688      	BSF        LCD_EN, BitPos(LCD_EN+0)
;__Lib_Lcd.c,29 :: 		
0x0044	0x2003      	CALL       _Delay_1us
;__Lib_Lcd.c,30 :: 		
0x0045	0x1288      	BCF        LCD_EN, BitPos(LCD_EN+0)
;__Lib_Lcd.c,33 :: 		
0x0046	0x1683      	BSF        STATUS, 5
0x0047	0x19AE      	BTFSC      FARG_Lcd_Cmd_out_char, 3
0x0048	0x284C      	GOTO       L__Lcd_Cmd31
0x0049	0x1283      	BCF        STATUS, 5
0x004A	0x1188      	BCF        LCD_D7, BitPos(LCD_D7+0)
0x004B	0x284E      	GOTO       L__Lcd_Cmd32
L__Lcd_Cmd31:
0x004C	0x1283      	BCF        STATUS, 5
0x004D	0x1588      	BSF        LCD_D7, BitPos(LCD_D7+0)
L__Lcd_Cmd32:
;__Lib_Lcd.c,34 :: 		
0x004E	0x1683      	BSF        STATUS, 5
0x004F	0x192E      	BTFSC      FARG_Lcd_Cmd_out_char, 2
0x0050	0x2854      	GOTO       L__Lcd_Cmd33
0x0051	0x1283      	BCF        STATUS, 5
0x0052	0x1108      	BCF        LCD_D6, BitPos(LCD_D6+0)
0x0053	0x2856      	GOTO       L__Lcd_Cmd34
L__Lcd_Cmd33:
0x0054	0x1283      	BCF        STATUS, 5
0x0055	0x1508      	BSF        LCD_D6, BitPos(LCD_D6+0)
L__Lcd_Cmd34:
;__Lib_Lcd.c,35 :: 		
0x0056	0x1683      	BSF        STATUS, 5
0x0057	0x18AE      	BTFSC      FARG_Lcd_Cmd_out_char, 1
0x0058	0x285C      	GOTO       L__Lcd_Cmd35
0x0059	0x1283      	BCF        STATUS, 5
0x005A	0x1088      	BCF        LCD_D5, BitPos(LCD_D5+0)
0x005B	0x285E      	GOTO       L__Lcd_Cmd36
L__Lcd_Cmd35:
0x005C	0x1283      	BCF        STATUS, 5
0x005D	0x1488      	BSF        LCD_D5, BitPos(LCD_D5+0)
L__Lcd_Cmd36:
;__Lib_Lcd.c,36 :: 		
0x005E	0x1683      	BSF        STATUS, 5
0x005F	0x182E      	BTFSC      FARG_Lcd_Cmd_out_char, 0
0x0060	0x2864      	GOTO       L__Lcd_Cmd37
0x0061	0x1283      	BCF        STATUS, 5
0x0062	0x1008      	BCF        LCD_D4, BitPos(LCD_D4+0)
0x0063	0x2866      	GOTO       L__Lcd_Cmd38
L__Lcd_Cmd37:
0x0064	0x1283      	BCF        STATUS, 5
0x0065	0x1408      	BSF        LCD_D4, BitPos(LCD_D4+0)
L__Lcd_Cmd38:
;__Lib_Lcd.c,38 :: 		
0x0066	0x1683      	BSF        STATUS, 5
0x0067	0x1824      	BTFSC      __Lib_Lcd_cmd_status, BitPos(__Lib_Lcd_cmd_status+0)
0x0068	0x286C      	GOTO       L__Lcd_Cmd39
0x0069	0x1283      	BCF        STATUS, 5
0x006A	0x1608      	BSF        LCD_RS, BitPos(LCD_RS+0)
0x006B	0x286E      	GOTO       L__Lcd_Cmd40
L__Lcd_Cmd39:
0x006C	0x1283      	BCF        STATUS, 5
0x006D	0x1208      	BCF        LCD_RS, BitPos(LCD_RS+0)
L__Lcd_Cmd40:
;__Lib_Lcd.c,40 :: 		
0x006E	0x1688      	BSF        LCD_EN, BitPos(LCD_EN+0)
;__Lib_Lcd.c,41 :: 		
0x006F	0x2003      	CALL       _Delay_1us
;__Lib_Lcd.c,42 :: 		
0x0070	0x1288      	BCF        LCD_EN, BitPos(LCD_EN+0)
;__Lib_Lcd.c,44 :: 		
0x0071	0x1683      	BSF        STATUS, 5
0x0072	0x1C24      	BTFSS      __Lib_Lcd_cmd_status, BitPos(__Lib_Lcd_cmd_status+0)
0x0073	0x2876      	GOTO       L_Lcd_Cmd0
;__Lib_Lcd.c,45 :: 		
0x0074	0x2006      	CALL       _Delay_5500us
0x0075	0x2877      	GOTO       L_Lcd_Cmd1
L_Lcd_Cmd0:
;__Lib_Lcd.c,47 :: 		
0x0076	0x2013      	CALL       _Delay_50us
L_Lcd_Cmd1:
;__Lib_Lcd.c,48 :: 		
L_end_Lcd_Cmd:
0x0077	0x0008      	RETURN
; end of _Lcd_Cmd
_Delay_10us:
;__Lib_Delays.c,11 :: 		void Delay_10us() {
;__Lib_Delays.c,12 :: 		Delay_us(10);
0x0078	0x3006      	MOVLW      6
0x0079	0x1283      	BCF        STATUS, 5
0x007A	0x1303      	BCF        STATUS, 6
0x007B	0x00FD      	MOVWF      R13
L_Delay_10us0:
0x007C	0x0BFD      	DECFSZ     R13, 1
0x007D	0x287C      	GOTO       L_Delay_10us0
0x007E	0x0000      	NOP
;__Lib_Delays.c,13 :: 		}
L_end_Delay_10us:
0x007F	0x0008      	RETURN
; end of _Delay_10us
_Keypad_Key_Press:
;__Lib_Keypad4x4.c,39 :: 		
;__Lib_Keypad4x4.c,43 :: 		
0x0080	0x1683      	BSF        STATUS, 5
0x0081	0x1303      	BCF        STATUS, 6
0x0082	0x01A9      	CLRF       Keypad_Key_Press_rslt_L0
;__Lib_Keypad4x4.c,44 :: 		
0x0083	0x01AB      	CLRF       Keypad_Key_Press_loc_L0
;__Lib_Keypad4x4.c,45 :: 		
0x0084	0x01AC      	CLRF       Keypad_Key_Press_rowcnt_L0
;__Lib_Keypad4x4.c,46 :: 		
0x0085	0x3010      	MOVLW      16
0x0086	0x00AD      	MOVWF      Keypad_Key_Press_shifter_L0
;__Lib_Keypad4x4.c,48 :: 		
L_Keypad_Key_Press0:
0x0087	0x3004      	MOVLW      4
0x0088	0x022C      	SUBWF      Keypad_Key_Press_rowcnt_L0, 0
0x0089	0x1803      	BTFSC      STATUS, 0
0x008A	0x28B5      	GOTO       L_Keypad_Key_Press1
;__Lib_Keypad4x4.c,50 :: 		
0x008B	0x30F0      	MOVLW      240
0x008C	0x1283      	BCF        STATUS, 5
0x008D	0x0086      	MOVWF      keypadPort
;__Lib_Keypad4x4.c,51 :: 		
0x008E	0x3080      	MOVLW      128
0x008F	0x00F0      	MOVWF      R0
0x0090	0x0870      	MOVF       R0, 0
0x0091	0x3E06      	ADDLW      keypadPort
0x0092	0x0084      	MOVWF      FSR
0x0093	0x1683      	BSF        STATUS, 5
0x0094	0x092D      	COMF       Keypad_Key_Press_shifter_L0, 0
0x0095	0x00F0      	MOVWF      R0
0x0096	0x0870      	MOVF       R0, 0
0x0097	0x0080      	MOVWF      INDF
;__Lib_Keypad4x4.c,55 :: 		
0x0098	0x2003      	CALL       _Delay_1us
;__Lib_Keypad4x4.c,56 :: 		
0x0099	0x2003      	CALL       _Delay_1us
;__Lib_Keypad4x4.c,57 :: 		
0x009A	0x300F      	MOVLW      15
0x009B	0x1283      	BCF        STATUS, 5
0x009C	0x0506      	ANDWF      keypadPort, 0
0x009D	0x00F0      	MOVWF      R0
0x009E	0x0870      	MOVF       R0, 0
0x009F	0x1683      	BSF        STATUS, 5
0x00A0	0x00AA      	MOVWF      Keypad_Key_Press_kdata_L0
;__Lib_Keypad4x4.c,58 :: 		
0x00A1	0x0870      	MOVF       R0, 0
0x00A2	0x1903      	BTFSC      STATUS, 2
0x00A3	0x28AF      	GOTO       L_Keypad_Key_Press2
;__Lib_Keypad4x4.c,60 :: 		
0x00A4	0x082B      	MOVF       Keypad_Key_Press_loc_L0, 0
0x00A5	0x00A9      	MOVWF      Keypad_Key_Press_rslt_L0
;__Lib_Keypad4x4.c,61 :: 		
L_Keypad_Key_Press3:
0x00A6	0x082A      	MOVF       Keypad_Key_Press_kdata_L0, 0
0x00A7	0x1903      	BTFSC      STATUS, 2
0x00A8	0x28AD      	GOTO       L_Keypad_Key_Press4
;__Lib_Keypad4x4.c,62 :: 		
0x00A9	0x0CAA      	RRF        Keypad_Key_Press_kdata_L0, 1
0x00AA	0x13AA      	BCF        Keypad_Key_Press_kdata_L0, 7
;__Lib_Keypad4x4.c,63 :: 		
0x00AB	0x0AA9      	INCF       Keypad_Key_Press_rslt_L0, 1
;__Lib_Keypad4x4.c,64 :: 		
0x00AC	0x28A6      	GOTO       L_Keypad_Key_Press3
L_Keypad_Key_Press4:
;__Lib_Keypad4x4.c,66 :: 		
0x00AD	0x3004      	MOVLW      4
0x00AE	0x00AC      	MOVWF      Keypad_Key_Press_rowcnt_L0
;__Lib_Keypad4x4.c,67 :: 		
L_Keypad_Key_Press2:
;__Lib_Keypad4x4.c,68 :: 		
0x00AF	0x0DAD      	RLF        Keypad_Key_Press_shifter_L0, 1
0x00B0	0x102D      	BCF        Keypad_Key_Press_shifter_L0, 0
;__Lib_Keypad4x4.c,69 :: 		
0x00B1	0x3004      	MOVLW      4
0x00B2	0x07AB      	ADDWF      Keypad_Key_Press_loc_L0, 1
;__Lib_Keypad4x4.c,70 :: 		
0x00B3	0x0AAC      	INCF       Keypad_Key_Press_rowcnt_L0, 1
;__Lib_Keypad4x4.c,71 :: 		
0x00B4	0x2887      	GOTO       L_Keypad_Key_Press0
L_Keypad_Key_Press1:
;__Lib_Keypad4x4.c,73 :: 		
0x00B5	0x0829      	MOVF       Keypad_Key_Press_rslt_L0, 0
0x00B6	0x00F0      	MOVWF      R0
;__Lib_Keypad4x4.c,74 :: 		
L_end_Keypad_Key_Press:
0x00B7	0x0008      	RETURN
; end of _Keypad_Key_Press
_Lcd_Chr_CP:
;__Lib_Lcd.c,50 :: 		
;__Lib_Lcd.c,52 :: 		
0x00B8	0x1683      	BSF        STATUS, 5
0x00B9	0x1303      	BCF        STATUS, 6
0x00BA	0x1024      	BCF        __Lib_Lcd_cmd_status, BitPos(__Lib_Lcd_cmd_status+0)
;__Lib_Lcd.c,53 :: 		
0x00BB	0x0829      	MOVF       FARG_Lcd_Chr_CP_out_char, 0
0x00BC	0x00AE      	MOVWF      FARG_Lcd_Cmd_out_char
0x00BD	0x201A      	CALL       _Lcd_Cmd
;__Lib_Lcd.c,54 :: 		
0x00BE	0x1683      	BSF        STATUS, 5
0x00BF	0x1424      	BSF        __Lib_Lcd_cmd_status, BitPos(__Lib_Lcd_cmd_status+0)
;__Lib_Lcd.c,55 :: 		
L_end_Lcd_Chr_CP:
0x00C0	0x0008      	RETURN
; end of _Lcd_Chr_CP
_Lcd_Out:
;__Lib_Lcd.c,184 :: 		
;__Lib_Lcd.c,187 :: 		
0x00C1	0x28D3      	GOTO       L_Lcd_Out11
;__Lib_Lcd.c,188 :: 		
L_Lcd_Out13:
0x00C2	0x3080      	MOVLW      128
0x00C3	0x1683      	BSF        STATUS, 5
0x00C4	0x1303      	BCF        STATUS, 6
0x00C5	0x00A5      	MOVWF      FARG_Lcd_Out_row
0x00C6	0x28E6      	GOTO       L_Lcd_Out12
;__Lib_Lcd.c,189 :: 		
L_Lcd_Out14:
0x00C7	0x30C0      	MOVLW      192
0x00C8	0x00A5      	MOVWF      FARG_Lcd_Out_row
0x00C9	0x28E6      	GOTO       L_Lcd_Out12
;__Lib_Lcd.c,190 :: 		
L_Lcd_Out15:
0x00CA	0x3094      	MOVLW      148
0x00CB	0x00A5      	MOVWF      FARG_Lcd_Out_row
0x00CC	0x28E6      	GOTO       L_Lcd_Out12
;__Lib_Lcd.c,191 :: 		
L_Lcd_Out16:
0x00CD	0x30D4      	MOVLW      212
0x00CE	0x00A5      	MOVWF      FARG_Lcd_Out_row
0x00CF	0x28E6      	GOTO       L_Lcd_Out12
;__Lib_Lcd.c,192 :: 		
L_Lcd_Out17:
0x00D0	0x3080      	MOVLW      128
0x00D1	0x00A5      	MOVWF      FARG_Lcd_Out_row
;__Lib_Lcd.c,193 :: 		
0x00D2	0x28E6      	GOTO       L_Lcd_Out12
L_Lcd_Out11:
0x00D3	0x1683      	BSF        STATUS, 5
0x00D4	0x1303      	BCF        STATUS, 6
0x00D5	0x0825      	MOVF       FARG_Lcd_Out_row, 0
0x00D6	0x3A01      	XORLW      1
0x00D7	0x1903      	BTFSC      STATUS, 2
0x00D8	0x28C2      	GOTO       L_Lcd_Out13
0x00D9	0x0825      	MOVF       FARG_Lcd_Out_row, 0
0x00DA	0x3A02      	XORLW      2
0x00DB	0x1903      	BTFSC      STATUS, 2
0x00DC	0x28C7      	GOTO       L_Lcd_Out14
0x00DD	0x0825      	MOVF       FARG_Lcd_Out_row, 0
0x00DE	0x3A03      	XORLW      3
0x00DF	0x1903      	BTFSC      STATUS, 2
0x00E0	0x28CA      	GOTO       L_Lcd_Out15
0x00E1	0x0825      	MOVF       FARG_Lcd_Out_row, 0
0x00E2	0x3A04      	XORLW      4
0x00E3	0x1903      	BTFSC      STATUS, 2
0x00E4	0x28CD      	GOTO       L_Lcd_Out16
0x00E5	0x28D0      	GOTO       L_Lcd_Out17
L_Lcd_Out12:
;__Lib_Lcd.c,194 :: 		
0x00E6	0x0326      	DECF       FARG_Lcd_Out_column, 0
0x00E7	0x00F0      	MOVWF      R0
0x00E8	0x0825      	MOVF       FARG_Lcd_Out_row, 0
0x00E9	0x07F0      	ADDWF      R0, 1
0x00EA	0x0870      	MOVF       R0, 0
0x00EB	0x00A5      	MOVWF      FARG_Lcd_Out_row
;__Lib_Lcd.c,196 :: 		
0x00EC	0x0870      	MOVF       R0, 0
0x00ED	0x00AE      	MOVWF      FARG_Lcd_Cmd_out_char
0x00EE	0x201A      	CALL       _Lcd_Cmd
;__Lib_Lcd.c,197 :: 		
0x00EF	0x1683      	BSF        STATUS, 5
0x00F0	0x1024      	BCF        __Lib_Lcd_cmd_status, BitPos(__Lib_Lcd_cmd_status+0)
;__Lib_Lcd.c,198 :: 		
0x00F1	0x01A8      	CLRF       Lcd_Out_i_L0
;__Lib_Lcd.c,199 :: 		
L_Lcd_Out18:
0x00F2	0x0828      	MOVF       Lcd_Out_i_L0, 0
0x00F3	0x0727      	ADDWF      FARG_Lcd_Out_text, 0
0x00F4	0x0084      	MOVWF      FSR
0x00F5	0x0800      	MOVF       INDF, 0
0x00F6	0x1903      	BTFSC      STATUS, 2
0x00F7	0x2900      	GOTO       L_Lcd_Out19
;__Lib_Lcd.c,200 :: 		
0x00F8	0x0828      	MOVF       Lcd_Out_i_L0, 0
0x00F9	0x0727      	ADDWF      FARG_Lcd_Out_text, 0
0x00FA	0x0084      	MOVWF      FSR
0x00FB	0x0800      	MOVF       INDF, 0
0x00FC	0x00A9      	MOVWF      FARG_Lcd_Chr_CP_out_char
0x00FD	0x20B8      	CALL       _Lcd_Chr_CP
0x00FE	0x0AA8      	INCF       Lcd_Out_i_L0, 1
0x00FF	0x28F2      	GOTO       L_Lcd_Out18
L_Lcd_Out19:
;__Lib_Lcd.c,201 :: 		
0x0100	0x1424      	BSF        __Lib_Lcd_cmd_status, BitPos(__Lib_Lcd_cmd_status+0)
;__Lib_Lcd.c,202 :: 		
L_end_Lcd_Out:
0x0101	0x0008      	RETURN
; end of _Lcd_Out
_Lcd_Init:
;__Lib_Lcd.c,84 :: 		
;__Lib_Lcd.c,86 :: 		
0x0102	0x1683      	BSF        STATUS, 5
0x0103	0x1303      	BCF        STATUS, 6
0x0104	0x1288      	BCF        LCD_EN_Direction, BitPos(LCD_EN_Direction+0)
;__Lib_Lcd.c,87 :: 		
0x0105	0x1208      	BCF        LCD_RS_Direction, BitPos(LCD_RS_Direction+0)
;__Lib_Lcd.c,88 :: 		
0x0106	0x1008      	BCF        LCD_D4_Direction, BitPos(LCD_D4_Direction+0)
;__Lib_Lcd.c,89 :: 		
0x0107	0x1088      	BCF        LCD_D5_Direction, BitPos(LCD_D5_Direction+0)
;__Lib_Lcd.c,90 :: 		
0x0108	0x1108      	BCF        LCD_D6_Direction, BitPos(LCD_D6_Direction+0)
;__Lib_Lcd.c,91 :: 		
0x0109	0x1188      	BCF        LCD_D7_Direction, BitPos(LCD_D7_Direction+0)
;__Lib_Lcd.c,93 :: 		
0x010A	0x1283      	BCF        STATUS, 5
0x010B	0x1288      	BCF        LCD_EN, BitPos(LCD_EN+0)
;__Lib_Lcd.c,94 :: 		
0x010C	0x1208      	BCF        LCD_RS, BitPos(LCD_RS+0)
;__Lib_Lcd.c,95 :: 		
0x010D	0x1188      	BCF        LCD_D7, BitPos(LCD_D7+0)
;__Lib_Lcd.c,96 :: 		
0x010E	0x1108      	BCF        LCD_D6, BitPos(LCD_D6+0)
;__Lib_Lcd.c,97 :: 		
0x010F	0x1088      	BCF        LCD_D5, BitPos(LCD_D5+0)
;__Lib_Lcd.c,98 :: 		
0x0110	0x1008      	BCF        LCD_D4, BitPos(LCD_D4+0)
;__Lib_Lcd.c,100 :: 		
0x0111	0x2006      	CALL       _Delay_5500us
;__Lib_Lcd.c,101 :: 		
0x0112	0x2006      	CALL       _Delay_5500us
;__Lib_Lcd.c,102 :: 		
0x0113	0x2006      	CALL       _Delay_5500us
;__Lib_Lcd.c,105 :: 		
0x0114	0x1488      	BSF        LCD_D5, BitPos(LCD_D5+0)
;__Lib_Lcd.c,106 :: 		
0x0115	0x1408      	BSF        LCD_D4, BitPos(LCD_D4+0)
;__Lib_Lcd.c,107 :: 		
0x0116	0x1688      	BSF        LCD_EN, BitPos(LCD_EN+0)
;__Lib_Lcd.c,108 :: 		
0x0117	0x2003      	CALL       _Delay_1us
;__Lib_Lcd.c,109 :: 		
0x0118	0x1288      	BCF        LCD_EN, BitPos(LCD_EN+0)
;__Lib_Lcd.c,110 :: 		
0x0119	0x2006      	CALL       _Delay_5500us
;__Lib_Lcd.c,112 :: 		
0x011A	0x1688      	BSF        LCD_EN, BitPos(LCD_EN+0)
;__Lib_Lcd.c,113 :: 		
0x011B	0x2003      	CALL       _Delay_1us
;__Lib_Lcd.c,114 :: 		
0x011C	0x1288      	BCF        LCD_EN, BitPos(LCD_EN+0)
;__Lib_Lcd.c,115 :: 		
0x011D	0x2006      	CALL       _Delay_5500us
;__Lib_Lcd.c,117 :: 		
0x011E	0x1688      	BSF        LCD_EN, BitPos(LCD_EN+0)
;__Lib_Lcd.c,118 :: 		
0x011F	0x2003      	CALL       _Delay_1us
;__Lib_Lcd.c,119 :: 		
0x0120	0x1288      	BCF        LCD_EN, BitPos(LCD_EN+0)
;__Lib_Lcd.c,120 :: 		
0x0121	0x2006      	CALL       _Delay_5500us
;__Lib_Lcd.c,123 :: 		
0x0122	0x1008      	BCF        LCD_D4, BitPos(LCD_D4+0)
;__Lib_Lcd.c,124 :: 		
0x0123	0x1688      	BSF        LCD_EN, BitPos(LCD_EN+0)
;__Lib_Lcd.c,125 :: 		
0x0124	0x2003      	CALL       _Delay_1us
;__Lib_Lcd.c,126 :: 		
0x0125	0x1288      	BCF        LCD_EN, BitPos(LCD_EN+0)
;__Lib_Lcd.c,127 :: 		
0x0126	0x2006      	CALL       _Delay_5500us
;__Lib_Lcd.c,130 :: 		
0x0127	0x1688      	BSF        LCD_EN, BitPos(LCD_EN+0)
;__Lib_Lcd.c,131 :: 		
0x0128	0x2003      	CALL       _Delay_1us
;__Lib_Lcd.c,132 :: 		
0x0129	0x1288      	BCF        LCD_EN, BitPos(LCD_EN+0)
;__Lib_Lcd.c,134 :: 		
0x012A	0x1088      	BCF        LCD_D5, BitPos(LCD_D5+0)
;__Lib_Lcd.c,135 :: 		
0x012B	0x1588      	BSF        LCD_D7, BitPos(LCD_D7+0)
;__Lib_Lcd.c,136 :: 		
0x012C	0x1688      	BSF        LCD_EN, BitPos(LCD_EN+0)
;__Lib_Lcd.c,137 :: 		
0x012D	0x2003      	CALL       _Delay_1us
;__Lib_Lcd.c,138 :: 		
0x012E	0x1288      	BCF        LCD_EN, BitPos(LCD_EN+0)
;__Lib_Lcd.c,139 :: 		
0x012F	0x2006      	CALL       _Delay_5500us
;__Lib_Lcd.c,142 :: 		
0x0130	0x1188      	BCF        LCD_D7, BitPos(LCD_D7+0)
;__Lib_Lcd.c,143 :: 		
0x0131	0x1408      	BSF        LCD_D4, BitPos(LCD_D4+0)
;__Lib_Lcd.c,144 :: 		
0x0132	0x1688      	BSF        LCD_EN, BitPos(LCD_EN+0)
;__Lib_Lcd.c,145 :: 		
0x0133	0x2003      	CALL       _Delay_1us
;__Lib_Lcd.c,146 :: 		
0x0134	0x1288      	BCF        LCD_EN, BitPos(LCD_EN+0)
;__Lib_Lcd.c,148 :: 		
0x0135	0x1008      	BCF        LCD_D4, BitPos(LCD_D4+0)
;__Lib_Lcd.c,149 :: 		
0x0136	0x1688      	BSF        LCD_EN, BitPos(LCD_EN+0)
;__Lib_Lcd.c,150 :: 		
0x0137	0x2003      	CALL       _Delay_1us
;__Lib_Lcd.c,151 :: 		
0x0138	0x1288      	BCF        LCD_EN, BitPos(LCD_EN+0)
;__Lib_Lcd.c,152 :: 		
0x0139	0x2006      	CALL       _Delay_5500us
;__Lib_Lcd.c,155 :: 		
0x013A	0x1688      	BSF        LCD_EN, BitPos(LCD_EN+0)
;__Lib_Lcd.c,156 :: 		
0x013B	0x2003      	CALL       _Delay_1us
;__Lib_Lcd.c,157 :: 		
0x013C	0x1288      	BCF        LCD_EN, BitPos(LCD_EN+0)
;__Lib_Lcd.c,159 :: 		
0x013D	0x1408      	BSF        LCD_D4, BitPos(LCD_D4+0)
;__Lib_Lcd.c,160 :: 		
0x013E	0x1688      	BSF        LCD_EN, BitPos(LCD_EN+0)
;__Lib_Lcd.c,161 :: 		
0x013F	0x2003      	CALL       _Delay_1us
;__Lib_Lcd.c,162 :: 		
0x0140	0x1288      	BCF        LCD_EN, BitPos(LCD_EN+0)
;__Lib_Lcd.c,163 :: 		
0x0141	0x2006      	CALL       _Delay_5500us
;__Lib_Lcd.c,166 :: 		
0x0142	0x1008      	BCF        LCD_D4, BitPos(LCD_D4+0)
;__Lib_Lcd.c,167 :: 		
0x0143	0x1688      	BSF        LCD_EN, BitPos(LCD_EN+0)
;__Lib_Lcd.c,168 :: 		
0x0144	0x2003      	CALL       _Delay_1us
;__Lib_Lcd.c,169 :: 		
0x0145	0x1288      	BCF        LCD_EN, BitPos(LCD_EN+0)
;__Lib_Lcd.c,171 :: 		
0x0146	0x1588      	BSF        LCD_D7, BitPos(LCD_D7+0)
;__Lib_Lcd.c,172 :: 		
0x0147	0x1508      	BSF        LCD_D6, BitPos(LCD_D6+0)
;__Lib_Lcd.c,173 :: 		
0x0148	0x1488      	BSF        LCD_D5, BitPos(LCD_D5+0)
;__Lib_Lcd.c,174 :: 		
0x0149	0x1408      	BSF        LCD_D4, BitPos(LCD_D4+0)
;__Lib_Lcd.c,175 :: 		
0x014A	0x1688      	BSF        LCD_EN, BitPos(LCD_EN+0)
;__Lib_Lcd.c,176 :: 		
0x014B	0x2003      	CALL       _Delay_1us
;__Lib_Lcd.c,177 :: 		
0x014C	0x1288      	BCF        LCD_EN, BitPos(LCD_EN+0)
;__Lib_Lcd.c,179 :: 		
0x014D	0x2006      	CALL       _Delay_5500us
;__Lib_Lcd.c,181 :: 		
0x014E	0x1683      	BSF        STATUS, 5
0x014F	0x1424      	BSF        __Lib_Lcd_cmd_status, BitPos(__Lib_Lcd_cmd_status+0)
;__Lib_Lcd.c,182 :: 		
L_end_Lcd_Init:
0x0150	0x0008      	RETURN
; end of _Lcd_Init
_Keypad_Key_Click:
;__Lib_Keypad4x4.c,77 :: 		
;__Lib_Keypad4x4.c,81 :: 		
0x0151	0x2080      	CALL       _Keypad_Key_Press
0x0152	0x0870      	MOVF       R0, 0
0x0153	0x00A5      	MOVWF      Keypad_Key_Click_rslt_L0
;__Lib_Keypad4x4.c,83 :: 		
L_Keypad_Key_Click5:
0x0154	0x300F      	MOVLW      15
0x0155	0x1283      	BCF        STATUS, 5
0x0156	0x0506      	ANDWF      keypadPort, 0
0x0157	0x00F0      	MOVWF      R0
0x0158	0x1903      	BTFSC      STATUS, 2
0x0159	0x295C      	GOTO       L_Keypad_Key_Click6
;__Lib_Keypad4x4.c,84 :: 		
0x015A	0x2078      	CALL       _Delay_10us
0x015B	0x2954      	GOTO       L_Keypad_Key_Click5
L_Keypad_Key_Click6:
;__Lib_Keypad4x4.c,86 :: 		
0x015C	0x1683      	BSF        STATUS, 5
0x015D	0x0825      	MOVF       Keypad_Key_Click_rslt_L0, 0
0x015E	0x00F0      	MOVWF      R0
;__Lib_Keypad4x4.c,87 :: 		
L_end_Keypad_Key_Click:
0x015F	0x0008      	RETURN
; end of _Keypad_Key_Click
_____DoICP:
;__Lib_System.c,6 :: 		
;__Lib_System.c,9 :: 		
0x0160	0x1283      	BCF        STATUS, 5
0x0161	0x1303      	BCF        STATUS, 6
0x0162	0x086F      	MOVF       ___DoICPAddr+1, 0
0x0163	0x008A      	MOVWF      PCLATH
;__Lib_System.c,10 :: 		
0x0164	0x086E      	MOVF       ___DoICPAddr, 0
0x0165	0x0082      	MOVWF      PCL
;__Lib_System.c,12 :: 		
L_end_____DoICP:
0x0166	0x0008      	RETURN
; end of _____DoICP
_Keypad_Init:
;__Lib_Keypad4x4.c,34 :: 		
;__Lib_Keypad4x4.c,35 :: 		
0x0167	0x3080      	MOVLW      128
0x0168	0x1283      	BCF        STATUS, 5
0x0169	0x1303      	BCF        STATUS, 6
0x016A	0x00F0      	MOVWF      R0
0x016B	0x0870      	MOVF       R0, 0
0x016C	0x3E06      	ADDLW      keypadPort
0x016D	0x0084      	MOVWF      FSR
0x016E	0x30FF      	MOVLW      255
0x016F	0x0080      	MOVWF      INDF
;__Lib_Keypad4x4.c,36 :: 		
L_end_Keypad_Init:
0x0170	0x0008      	RETURN
; end of _Keypad_Init
_keyPadInput3:
;p6.c,56 :: 		void keyPadInput3 () //FUNCTION DEACLERATION
;p6.c,58 :: 		kp3 = 0;
0x0171	0x1683      	BSF        STATUS, 5
0x0172	0x1303      	BCF        STATUS, 6
0x0173	0x01A2      	CLRF       _kp3
;p6.c,59 :: 		do {
L_keyPadInput37:
;p6.c,60 :: 		kp3 = keypad_key_click (); //ASSIGNING THE kp VALUE TO KEYPAD KEY
0x0174	0x2151      	CALL       _Keypad_Key_Click
0x0175	0x0870      	MOVF       R0, 0
0x0176	0x00A2      	MOVWF      _kp3
;p6.c,63 :: 		while( kp3 == 0); //WAITIONG FOR A KEYPAD KEY TO BE PRESSED
0x0177	0x0870      	MOVF       R0, 0
0x0178	0x3A00      	XORLW      0
0x0179	0x1903      	BTFSC      STATUS, 2
0x017A	0x2974      	GOTO       L_keyPadInput37
;p6.c,64 :: 		}
L_end_keyPadInput3:
0x017B	0x0008      	RETURN
; end of _keyPadInput3
_delay:
;p6.c,19 :: 		void delay(){delay_ms(1000);}
0x017C	0x300B      	MOVLW      11
0x017D	0x1283      	BCF        STATUS, 5
0x017E	0x1303      	BCF        STATUS, 6
0x017F	0x00FB      	MOVWF      R11
0x0180	0x3026      	MOVLW      38
0x0181	0x00FC      	MOVWF      R12
0x0182	0x305D      	MOVLW      93
0x0183	0x00FD      	MOVWF      R13
L_delay0:
0x0184	0x0BFD      	DECFSZ     R13, 1
0x0185	0x2984      	GOTO       L_delay0
0x0186	0x0BFC      	DECFSZ     R12, 1
0x0187	0x2984      	GOTO       L_delay0
0x0188	0x0BFB      	DECFSZ     R11, 1
0x0189	0x2984      	GOTO       L_delay0
0x018A	0x0000      	NOP
0x018B	0x0000      	NOP
L_end_delay:
0x018C	0x0008      	RETURN
; end of _delay
_keyPadInput4:
;p6.c,66 :: 		void keyPadInput4 () //FUNCTION DEACLERATION
;p6.c,68 :: 		kp4 = 0;
0x018D	0x1683      	BSF        STATUS, 5
0x018E	0x1303      	BCF        STATUS, 6
0x018F	0x01A0      	CLRF       _kp4
;p6.c,69 :: 		do {
L_keyPadInput410:
;p6.c,70 :: 		kp4 = keypad_key_click (); //ASSIGNING THE kp VALUE TO KEYPAD KEY
0x0190	0x2151      	CALL       _Keypad_Key_Click
0x0191	0x0870      	MOVF       R0, 0
0x0192	0x00A0      	MOVWF      _kp4
;p6.c,72 :: 		while( kp4 == 0); //WAITIONG FOR A KEYPAD KEY TO BE PRESSED
0x0193	0x0870      	MOVF       R0, 0
0x0194	0x3A00      	XORLW      0
0x0195	0x1903      	BTFSC      STATUS, 2
0x0196	0x2990      	GOTO       L_keyPadInput410
;p6.c,73 :: 		}
L_end_keyPadInput4:
0x0197	0x0008      	RETURN
; end of _keyPadInput4
_keyPadInput2:
;p6.c,46 :: 		void keyPadInput2 () //FUNCTION DEACLERATION
;p6.c,48 :: 		kp2 = 0;
0x0198	0x1683      	BSF        STATUS, 5
0x0199	0x1303      	BCF        STATUS, 6
0x019A	0x01A1      	CLRF       _kp2
;p6.c,49 :: 		do {
L_keyPadInput24:
;p6.c,50 :: 		kp2 = keypad_key_click (); //ASSIGNING THE kp VALUE TO KEYPAD KEY
0x019B	0x2151      	CALL       _Keypad_Key_Click
0x019C	0x0870      	MOVF       R0, 0
0x019D	0x00A1      	MOVWF      _kp2
;p6.c,53 :: 		while( kp2 == 0); //WAITIONG FOR A KEYPAD KEY TO BE PRESSED
0x019E	0x0870      	MOVF       R0, 0
0x019F	0x3A00      	XORLW      0
0x01A0	0x1903      	BTFSC      STATUS, 2
0x01A1	0x299B      	GOTO       L_keyPadInput24
;p6.c,54 :: 		}
L_end_keyPadInput2:
0x01A2	0x0008      	RETURN
; end of _keyPadInput2
___CC2DW:
;__Lib_System.c,134 :: 		
;__Lib_System.c,137 :: 		
_CC2D_Loop1:
;__Lib_System.c,139 :: 		
0x01A3	0x2160      	CALL       _____DoICP
0x01A4	0x118A      	BCF        PCLATH, 3
0x01A5	0x120A      	BCF        PCLATH, 4
;__Lib_System.c,141 :: 		
0x01A6	0x0080      	MOVWF      INDF
;__Lib_System.c,142 :: 		
0x01A7	0x0A84      	INCF       FSR, 1
;__Lib_System.c,143 :: 		
0x01A8	0x0AEE      	INCF       ___DoICPAddr, 1
;__Lib_System.c,145 :: 		
0x01A9	0x1903      	BTFSC      STATUS, 2
;__Lib_System.c,146 :: 		
0x01AA	0x0AEF      	INCF       ___DoICPAddr+1, 1
;__Lib_System.c,147 :: 		
0x01AB	0x03F0      	DECF       R0, 1
;__Lib_System.c,149 :: 		
0x01AC	0x1D03      	BTFSS      STATUS, 2
;__Lib_System.c,150 :: 		
0x01AD	0x29A3      	GOTO       _CC2D_Loop1
;__Lib_System.c,152 :: 		
L_end___CC2DW:
0x01AE	0x0008      	RETURN
; end of ___CC2DW
_initialization:
;p6.c,21 :: 		void initialization() //FUNTION DEACLERATION
;p6.c,23 :: 		ANSEL=ANSELH=0X00; //CONFIGURING ALL THE OI'S AS DIGITAL PINS
0x01AF	0x1683      	BSF        STATUS, 5
0x01B0	0x1703      	BSF        STATUS, 6
0x01B1	0x0189      	CLRF       ANSELH
0x01B2	0x0188      	CLRF       ANSEL
;p6.c,24 :: 		TRISB=0XFF; //KEYPAD
0x01B3	0x30FF      	MOVLW      255
0x01B4	0x0086      	MOVWF      TRISB
;p6.c,25 :: 		TRISD=0X00; //LCD
0x01B5	0x1303      	BCF        STATUS, 6
0x01B6	0x0188      	CLRF       TRISD
;p6.c,26 :: 		TRISC=0X00; //MAKING PORTC AN OUTPUT
0x01B7	0x0187      	CLRF       TRISC
;p6.c,27 :: 		PORTC=0X00;   //TURNING PORTC OFF
0x01B8	0x1283      	BCF        STATUS, 5
0x01B9	0x0187      	CLRF       PORTC
;p6.c,28 :: 		LCD_INIT();  //LCD DEACLERATION
0x01BA	0x2102      	CALL       _Lcd_Init
;p6.c,29 :: 		LCD_CMD(_LCD_CURSOR_OFF); //TURNING THE LCD CURSOR OFF
0x01BB	0x300C      	MOVLW      12
0x01BC	0x00AE      	MOVWF      FARG_Lcd_Cmd_out_char
0x01BD	0x201A      	CALL       _Lcd_Cmd
;p6.c,30 :: 		LCD_OUT(1,2,"ENTER PASSWORD"); //DISPLAYING A TEXT ON THE LCD
0x01BE	0x3001      	MOVLW      1
0x01BF	0x1683      	BSF        STATUS, 5
0x01C0	0x00A5      	MOVWF      FARG_Lcd_Out_row
0x01C1	0x3002      	MOVLW      2
0x01C2	0x00A6      	MOVWF      FARG_Lcd_Out_column
0x01C3	0x3020      	MOVLW      ?lstr1_p6
0x01C4	0x00A7      	MOVWF      FARG_Lcd_Out_text
0x01C5	0x20C1      	CALL       _Lcd_Out
;p6.c,31 :: 		KEYPAD_INIT();  //KEYPAD DEACLERATION
0x01C6	0x2167      	CALL       _Keypad_Init
;p6.c,32 :: 		}
L_end_initialization:
0x01C7	0x0008      	RETURN
; end of _initialization
_keyPadInput:
;p6.c,36 :: 		void keyPadInput ()//FUNCTION DEACLERATION
;p6.c,38 :: 		kp = 0;
0x01C8	0x1683      	BSF        STATUS, 5
0x01C9	0x1303      	BCF        STATUS, 6
0x01CA	0x01A3      	CLRF       _kp
;p6.c,39 :: 		do {
L_keyPadInput1:
;p6.c,40 :: 		kp = keypad_key_click (); //ASSIGNING THE kp VALUE TO KEYPAD KEY
0x01CB	0x2151      	CALL       _Keypad_Key_Click
0x01CC	0x0870      	MOVF       R0, 0
0x01CD	0x00A3      	MOVWF      _kp
;p6.c,43 :: 		while( kp == 0); //WAITIONG FOR A KEYPAD KEY TO BE PRESSED
0x01CE	0x0870      	MOVF       R0, 0
0x01CF	0x3A00      	XORLW      0
0x01D0	0x1903      	BTFSC      STATUS, 2
0x01D1	0x29CB      	GOTO       L_keyPadInput1
;p6.c,44 :: 		}
L_end_keyPadInput:
0x01D2	0x0008      	RETURN
; end of _keyPadInput
_main:
0x01D3	0x2298      	CALL       664
;p6.c,75 :: 		void main() //STATE OF THE MAIN FUNCTION
;p6.c,77 :: 		initialization(); //FUNCTION CALL
0x01D4	0x21AF      	CALL       _initialization
;p6.c,78 :: 		while (1) // STATE OF THE WHILE LOOP
L_main13:
;p6.c,81 :: 		keyPadInput();  //FUNCTION CALL
0x01D5	0x21C8      	CALL       _keyPadInput
;p6.c,82 :: 		keyPadInput2(); //FUNCTION CALL
0x01D6	0x2198      	CALL       _keyPadInput2
;p6.c,83 :: 		keyPadInput3(); //FUNCTION CALL
0x01D7	0x2171      	CALL       _keyPadInput3
;p6.c,84 :: 		keyPadInput4(); //FUNCTION CALL
0x01D8	0x218D      	CALL       _keyPadInput4
;p6.c,86 :: 		switch (kp) //CHECKING THE STATE OF THE INPUT
0x01D9	0x29DD      	GOTO       L_main15
;p6.c,88 :: 		case 2:  kp = 50;break;  //2
L_main17:
0x01DA	0x3032      	MOVLW      50
0x01DB	0x00A3      	MOVWF      _kp
0x01DC	0x29E1      	GOTO       L_main16
;p6.c,89 :: 		}
L_main15:
0x01DD	0x0823      	MOVF       _kp, 0
0x01DE	0x3A02      	XORLW      2
0x01DF	0x1903      	BTFSC      STATUS, 2
0x01E0	0x29DA      	GOTO       L_main17
L_main16:
;p6.c,91 :: 		switch (kp2) //CHECKING THE STATE OF THE INPUT
0x01E1	0x29E5      	GOTO       L_main18
;p6.c,93 :: 		case 6:  kp2  = 53;break; //5
L_main20:
0x01E2	0x3035      	MOVLW      53
0x01E3	0x00A1      	MOVWF      _kp2
0x01E4	0x29E9      	GOTO       L_main19
;p6.c,94 :: 		}
L_main18:
0x01E5	0x0821      	MOVF       _kp2, 0
0x01E6	0x3A06      	XORLW      6
0x01E7	0x1903      	BTFSC      STATUS, 2
0x01E8	0x29E2      	GOTO       L_main20
L_main19:
;p6.c,96 :: 		switch (kp3) //CHECKING THE STATE OF THE INPUT
0x01E9	0x29ED      	GOTO       L_main21
;p6.c,98 :: 		case 7:  kp3  = 54;break;  //6
L_main23:
0x01EA	0x3036      	MOVLW      54
0x01EB	0x00A2      	MOVWF      _kp3
0x01EC	0x29F1      	GOTO       L_main22
;p6.c,99 :: 		}
L_main21:
0x01ED	0x0822      	MOVF       _kp3, 0
0x01EE	0x3A07      	XORLW      7
0x01EF	0x1903      	BTFSC      STATUS, 2
0x01F0	0x29EA      	GOTO       L_main23
L_main22:
;p6.c,101 :: 		switch (kp4)  //CHECKING THE STATE OF THE INPUT
0x01F1	0x29F5      	GOTO       L_main24
;p6.c,103 :: 		case 9:  kp4  = 55;break; //7
L_main26:
0x01F2	0x3037      	MOVLW      55
0x01F3	0x00A0      	MOVWF      _kp4
0x01F4	0x29F9      	GOTO       L_main25
;p6.c,104 :: 		}
L_main24:
0x01F5	0x0820      	MOVF       _kp4, 0
0x01F6	0x3A09      	XORLW      9
0x01F7	0x1903      	BTFSC      STATUS, 2
0x01F8	0x29F2      	GOTO       L_main26
L_main25:
;p6.c,106 :: 		if(kp==50 && kp2==53 && kp3==54 && kp4==55  ) //CHECKING THE STATE OF THE INPUT
0x01F9	0x0823      	MOVF       _kp, 0
0x01FA	0x3A32      	XORLW      50
0x01FB	0x1D03      	BTFSS      STATUS, 2
0x01FC	0x2A1F      	GOTO       L_main29
0x01FD	0x0821      	MOVF       _kp2, 0
0x01FE	0x3A35      	XORLW      53
0x01FF	0x1D03      	BTFSS      STATUS, 2
0x0200	0x2A1F      	GOTO       L_main29
0x0201	0x0822      	MOVF       _kp3, 0
0x0202	0x3A36      	XORLW      54
0x0203	0x1D03      	BTFSS      STATUS, 2
0x0204	0x2A1F      	GOTO       L_main29
0x0205	0x0820      	MOVF       _kp4, 0
0x0206	0x3A37      	XORLW      55
0x0207	0x1D03      	BTFSS      STATUS, 2
0x0208	0x2A1F      	GOTO       L_main29
L__main31:
;p6.c,108 :: 		lcd_cmd(_lcd_clear); //CLEARING THE LCD
0x0209	0x3001      	MOVLW      1
0x020A	0x00AE      	MOVWF      FARG_Lcd_Cmd_out_char
0x020B	0x201A      	CALL       _Lcd_Cmd
;p6.c,109 :: 		Lcd_Out(1,2,"ACCESS GRANTED"); //WRITING A TEXT ON THE LCD
0x020C	0x3001      	MOVLW      1
0x020D	0x1683      	BSF        STATUS, 5
0x020E	0x00A5      	MOVWF      FARG_Lcd_Out_row
0x020F	0x3002      	MOVLW      2
0x0210	0x00A6      	MOVWF      FARG_Lcd_Out_column
0x0211	0x3048      	MOVLW      ?lstr2_p6
0x0212	0x00A7      	MOVWF      FARG_Lcd_Out_text
0x0213	0x20C1      	CALL       _Lcd_Out
;p6.c,110 :: 		Lcd_Out(2,4,"DOOR OPEN"); //WRITING A TEXT ON THE LCD
0x0214	0x3002      	MOVLW      2
0x0215	0x00A5      	MOVWF      FARG_Lcd_Out_row
0x0216	0x3004      	MOVLW      4
0x0217	0x00A6      	MOVWF      FARG_Lcd_Out_column
0x0218	0x303E      	MOVLW      ?lstr3_p6
0x0219	0x00A7      	MOVWF      FARG_Lcd_Out_text
0x021A	0x20C1      	CALL       _Lcd_Out
;p6.c,111 :: 		PORTC.RC5=1;  //TURNING PIN RC5 ONN
0x021B	0x1283      	BCF        STATUS, 5
0x021C	0x1687      	BSF        PORTC, 5
;p6.c,112 :: 		PORTC.RC0=1; //TURNING PIN RC0 ONN
0x021D	0x1407      	BSF        PORTC, 0
;p6.c,114 :: 		}
0x021E	0x2A42      	GOTO       L_main30
L_main29:
;p6.c,117 :: 		lcd_cmd(_lcd_clear); //CLEARING THE LCD
0x021F	0x3001      	MOVLW      1
0x0220	0x1683      	BSF        STATUS, 5
0x0221	0x00AE      	MOVWF      FARG_Lcd_Cmd_out_char
0x0222	0x201A      	CALL       _Lcd_Cmd
;p6.c,118 :: 		Lcd_Out(1,2,"WRONG PASSWORD"); //WRITING A TEXT ON THE LCD
0x0223	0x3001      	MOVLW      1
0x0224	0x1683      	BSF        STATUS, 5
0x0225	0x00A5      	MOVWF      FARG_Lcd_Out_row
0x0226	0x3002      	MOVLW      2
0x0227	0x00A6      	MOVWF      FARG_Lcd_Out_column
0x0228	0x302F      	MOVLW      ?lstr4_p6
0x0229	0x00A7      	MOVWF      FARG_Lcd_Out_text
0x022A	0x20C1      	CALL       _Lcd_Out
;p6.c,119 :: 		delay(); //FUNCTION CALL
0x022B	0x217C      	CALL       _delay
;p6.c,120 :: 		Lcd_Cmd(_Lcd_Clear); //CLEARING THE LCD
0x022C	0x3001      	MOVLW      1
0x022D	0x1683      	BSF        STATUS, 5
0x022E	0x00AE      	MOVWF      FARG_Lcd_Cmd_out_char
0x022F	0x201A      	CALL       _Lcd_Cmd
;p6.c,121 :: 		Lcd_Out(1,3,"ENTER CORRECT"); //WRITING A TEXT ON THE LCD
0x0230	0x3001      	MOVLW      1
0x0231	0x1683      	BSF        STATUS, 5
0x0232	0x00A5      	MOVWF      FARG_Lcd_Out_row
0x0233	0x3003      	MOVLW      3
0x0234	0x00A6      	MOVWF      FARG_Lcd_Out_column
0x0235	0x3057      	MOVLW      ?lstr5_p6
0x0236	0x00A7      	MOVWF      FARG_Lcd_Out_text
0x0237	0x20C1      	CALL       _Lcd_Out
;p6.c,122 :: 		Lcd_Out(2,5,"PASSWORD"); //WRITING A TEXT ON THE LCD
0x0238	0x3002      	MOVLW      2
0x0239	0x00A5      	MOVWF      FARG_Lcd_Out_row
0x023A	0x3005      	MOVLW      5
0x023B	0x00A6      	MOVWF      FARG_Lcd_Out_column
0x023C	0x3065      	MOVLW      ?lstr6_p6
0x023D	0x00A7      	MOVWF      FARG_Lcd_Out_text
0x023E	0x20C1      	CALL       _Lcd_Out
;p6.c,123 :: 		PORTC.RC5=0;    //TURNING PIN RC5 OFF
0x023F	0x1283      	BCF        STATUS, 5
0x0240	0x1287      	BCF        PORTC, 5
;p6.c,124 :: 		PORTC.RC0=0;    //TURNING PIN RC0 OFF
0x0241	0x1007      	BCF        PORTC, 0
;p6.c,125 :: 		}
L_main30:
;p6.c,128 :: 		} //END OF THE WHILE LOOP
0x0242	0x29D5      	GOTO       L_main13
;p6.c,129 :: 		} //END OF THE MAIN FUNCTION
L_end_main:
0x0243	0x2A43      	GOTO       $+0
; end of _main
0x0298	0x3020      	MOVLW      32
0x0299	0x0084      	MOVWF      FSR
0x029A	0x304E      	MOVLW      78
0x029B	0x1283      	BCF        STATUS, 5
0x029C	0x1303      	BCF        STATUS, 6
0x029D	0x00F0      	MOVWF      R0
0x029E	0x3049      	MOVLW      73
0x029F	0x00EE      	MOVWF      ___DoICPAddr
0x02A0	0x3002      	MOVLW      2
0x02A1	0x00EF      	MOVWF      111
0x02A2	0x21A3      	CALL       419
0x02A3	0x0008      	RETURN
;p6.c,0 :: ?ICS?lstr1_p6
0x0249	0x3445 ;?ICS?lstr1_p6+0
0x024A	0x344E ;?ICS?lstr1_p6+1
0x024B	0x3454 ;?ICS?lstr1_p6+2
0x024C	0x3445 ;?ICS?lstr1_p6+3
0x024D	0x3452 ;?ICS?lstr1_p6+4
0x024E	0x3420 ;?ICS?lstr1_p6+5
0x024F	0x3450 ;?ICS?lstr1_p6+6
0x0250	0x3441 ;?ICS?lstr1_p6+7
0x0251	0x3453 ;?ICS?lstr1_p6+8
0x0252	0x3453 ;?ICS?lstr1_p6+9
0x0253	0x3457 ;?ICS?lstr1_p6+10
0x0254	0x344F ;?ICS?lstr1_p6+11
0x0255	0x3452 ;?ICS?lstr1_p6+12
0x0256	0x3444 ;?ICS?lstr1_p6+13
0x0257	0x3400 ;?ICS?lstr1_p6+14
; end of ?ICS?lstr1_p6
;p6.c,0 :: ?ICS?lstr4_p6
0x0258	0x3457 ;?ICS?lstr4_p6+0
0x0259	0x3452 ;?ICS?lstr4_p6+1
0x025A	0x344F ;?ICS?lstr4_p6+2
0x025B	0x344E ;?ICS?lstr4_p6+3
0x025C	0x3447 ;?ICS?lstr4_p6+4
0x025D	0x3420 ;?ICS?lstr4_p6+5
0x025E	0x3450 ;?ICS?lstr4_p6+6
0x025F	0x3441 ;?ICS?lstr4_p6+7
0x0260	0x3453 ;?ICS?lstr4_p6+8
0x0261	0x3453 ;?ICS?lstr4_p6+9
0x0262	0x3457 ;?ICS?lstr4_p6+10
0x0263	0x344F ;?ICS?lstr4_p6+11
0x0264	0x3452 ;?ICS?lstr4_p6+12
0x0265	0x3444 ;?ICS?lstr4_p6+13
0x0266	0x3400 ;?ICS?lstr4_p6+14
; end of ?ICS?lstr4_p6
;p6.c,0 :: ?ICS?lstr3_p6
0x0267	0x3444 ;?ICS?lstr3_p6+0
0x0268	0x344F ;?ICS?lstr3_p6+1
0x0269	0x344F ;?ICS?lstr3_p6+2
0x026A	0x3452 ;?ICS?lstr3_p6+3
0x026B	0x3420 ;?ICS?lstr3_p6+4
0x026C	0x344F ;?ICS?lstr3_p6+5
0x026D	0x3450 ;?ICS?lstr3_p6+6
0x026E	0x3445 ;?ICS?lstr3_p6+7
0x026F	0x344E ;?ICS?lstr3_p6+8
0x0270	0x3400 ;?ICS?lstr3_p6+9
; end of ?ICS?lstr3_p6
;p6.c,0 :: ?ICS?lstr2_p6
0x0271	0x3441 ;?ICS?lstr2_p6+0
0x0272	0x3443 ;?ICS?lstr2_p6+1
0x0273	0x3443 ;?ICS?lstr2_p6+2
0x0274	0x3445 ;?ICS?lstr2_p6+3
0x0275	0x3453 ;?ICS?lstr2_p6+4
0x0276	0x3453 ;?ICS?lstr2_p6+5
0x0277	0x3420 ;?ICS?lstr2_p6+6
0x0278	0x3447 ;?ICS?lstr2_p6+7
0x0279	0x3452 ;?ICS?lstr2_p6+8
0x027A	0x3441 ;?ICS?lstr2_p6+9
0x027B	0x344E ;?ICS?lstr2_p6+10
0x027C	0x3454 ;?ICS?lstr2_p6+11
0x027D	0x3445 ;?ICS?lstr2_p6+12
0x027E	0x3444 ;?ICS?lstr2_p6+13
0x027F	0x3400 ;?ICS?lstr2_p6+14
; end of ?ICS?lstr2_p6
;p6.c,0 :: ?ICS?lstr5_p6
0x0280	0x3445 ;?ICS?lstr5_p6+0
0x0281	0x344E ;?ICS?lstr5_p6+1
0x0282	0x3454 ;?ICS?lstr5_p6+2
0x0283	0x3445 ;?ICS?lstr5_p6+3
0x0284	0x3452 ;?ICS?lstr5_p6+4
0x0285	0x3420 ;?ICS?lstr5_p6+5
0x0286	0x3443 ;?ICS?lstr5_p6+6
0x0287	0x344F ;?ICS?lstr5_p6+7
0x0288	0x3452 ;?ICS?lstr5_p6+8
0x0289	0x3452 ;?ICS?lstr5_p6+9
0x028A	0x3445 ;?ICS?lstr5_p6+10
0x028B	0x3443 ;?ICS?lstr5_p6+11
0x028C	0x3454 ;?ICS?lstr5_p6+12
0x028D	0x3400 ;?ICS?lstr5_p6+13
; end of ?ICS?lstr5_p6
;p6.c,0 :: ?ICS?lstr6_p6
0x028E	0x3450 ;?ICS?lstr6_p6+0
0x028F	0x3441 ;?ICS?lstr6_p6+1
0x0290	0x3453 ;?ICS?lstr6_p6+2
0x0291	0x3453 ;?ICS?lstr6_p6+3
0x0292	0x3457 ;?ICS?lstr6_p6+4
0x0293	0x344F ;?ICS?lstr6_p6+5
0x0294	0x3452 ;?ICS?lstr6_p6+6
0x0295	0x3444 ;?ICS?lstr6_p6+7
0x0296	0x3400 ;?ICS?lstr6_p6+8
; end of ?ICS?lstr6_p6
Symbol List:
//** Routines locations **
//ADDRESS    SIZE    PROCEDURE
//----------------------------------------------
0x0003       [3]    _Delay_1us
0x0006      [13]    _Delay_5500us
0x0013       [7]    _Delay_50us
0x001A      [94]    _Lcd_Cmd
0x0078       [8]    _Delay_10us
0x0080      [56]    _Keypad_Key_Press
0x00B8       [9]    _Lcd_Chr_CP
0x00C1      [65]    _Lcd_Out
0x0102      [79]    _Lcd_Init
0x0151      [15]    _Keypad_Key_Click
0x0160       [7]    _____DoICP
0x0167      [10]    _Keypad_Init
0x0171      [11]    _keyPadInput3
0x017C      [17]    _delay
0x018D      [11]    _keyPadInput4
0x0198      [11]    _keyPadInput2
0x01A3      [12]    ___CC2DW
0x01AF      [25]    _initialization
0x01C8      [11]    _keyPadInput
0x01D3     [112]    _main
//** Variables locations ** 
//ADDRESS    SIZE    VARIABLE
//----------------------------------------------
0x0000       [1]    INDF
0x0002       [1]    PCL
0x0003       [1]    STATUS
0x0004       [1]    FSR
0x0006       [1]    PORTB
0x0006       [1]    keypadPort
0x0007       [1]    PORTC
0x0008       [0]    RD4_bit
0x0008       [0]    RD1_bit
0x0008       [0]    LCD_EN
0x0008       [0]    LCD_RS
0x0008       [0]    LCD_D4
0x0008       [0]    RD2_bit
0x0008       [0]    LCD_D6
0x0008       [0]    LCD_D7
0x0008       [0]    RD3_bit
0x0008       [0]    LCD_D5
0x0008       [0]    RD0_bit
0x0008       [0]    RD5_bit
0x000A       [1]    PCLATH
0x0020      [15]    ?lstr1_p6
0x002F      [15]    ?lstr4_p6
0x003E      [10]    ?lstr3_p6
0x0048      [15]    ?lstr2_p6
0x0057      [14]    ?lstr5_p6
0x0065       [9]    ?lstr6_p6
0x006E       [2]    ___DoICPAddr
0x0070       [1]    R0
0x0071       [1]    R1
0x0072       [1]    R2
0x0073       [1]    R3
0x0074       [1]    R4
0x0075       [1]    R5
0x0076       [1]    R6
0x0077       [1]    R7
0x0078       [1]    R8
0x0079       [1]    R9
0x007A       [1]    R10
0x007B       [1]    R11
0x007C       [1]    R12
0x007D       [1]    R13
0x007E       [1]    R14
0x007F       [1]    R15
0x0086       [1]    TRISB
0x0087       [1]    TRISC
0x0088       [0]    LCD_EN_Direction
0x0088       [0]    LCD_RS_Direction
0x0088       [0]    LCD_D6_Direction
0x0088       [0]    LCD_D5_Direction
0x0088       [0]    LCD_D4_Direction
0x0088       [0]    TRISD2_bit
0x0088       [0]    TRISD0_bit
0x0088       [0]    TRISD1_bit
0x0088       [0]    TRISD3_bit
0x0088       [0]    TRISD5_bit
0x0088       [0]    TRISD4_bit
0x0088       [0]    LCD_D7_Direction
0x0088       [1]    TRISD
0x00A0       [1]    _kp4
0x00A1       [1]    _kp2
0x00A2       [1]    _kp3
0x00A3       [1]    _kp
0x00A4       [0]    __Lib_Lcd_cmd_status
0x00A5       [1]    FARG_Lcd_Out_row
0x00A5       [1]    Keypad_Key_Click_rslt_L0
0x00A6       [1]    FARG_Lcd_Out_column
0x00A7       [1]    FARG_Lcd_Out_text
0x00A8       [1]    Lcd_Out_i_L0
0x00A9       [1]    Keypad_Key_Press_rslt_L0
0x00A9       [1]    FARG_Lcd_Chr_CP_out_char
0x00AA       [1]    Keypad_Key_Press_kdata_L0
0x00AB       [1]    Keypad_Key_Press_loc_L0
0x00AC       [1]    Keypad_Key_Press_rowcnt_L0
0x00AD       [1]    Keypad_Key_Press_shifter_L0
0x00AE       [1]    FARG_Lcd_Cmd_out_char
0x0188       [1]    ANSEL
0x0189       [1]    ANSELH
//** Constants locations ** 
//ADDRESS    SIZE    CONSTANT
//----------------------------------------------
0x0249      [15]    ?ICS?lstr1_p6
0x0258      [15]    ?ICS?lstr4_p6
0x0267      [10]    ?ICS?lstr3_p6
0x0271      [15]    ?ICS?lstr2_p6
0x0280      [14]    ?ICS?lstr5_p6
0x028E       [9]    ?ICS?lstr6_p6
